2018-11-19 12:38:47 +0000  Initial pipeline context: <IDEDistributionProcessingPipelineContext: 0x7f99e09d8a80; archive(resolved)='<IDEArchive: 0x7f99f2b54770>', distributionTask(resolved)='2', distributionDestination(resolved)='1', distributionMethod(resolved)='<IDEDistributionMethodAdHoc: 0x7f99e1904670>', team(resolved)='<IDEProvisioningDisambiguatableBasicTeam: 0x7f99edc05c90; teamID='J69L29WRH2', teamName='Fight Alarm Ltd', teamType='Company', username='presolabi@gmail.com', isFreeProvisioningTeam='0'>'>
	Chain (12, self inclusive):
	<IDEDistributionProcessingPipelineContext: 0x7f99e09d8a80; archive = '<IDEArchive: 0x7f99f2b54770>', distributionMethod='<IDEDistributionMethodAdHoc: 0x7f99e1904670>', team='<IDEProvisioningDisambiguatableBasicTeam: 0x7f99edc05c90; teamID='J69L29WRH2', teamName='Fight Alarm Ltd', teamType='Company', username='presolabi@gmail.com', isFreeProvisioningTeam='0'>'>
	<IDEDistributionProcessingPipelineContext: 0x7f99e73da860; archive = '<IDEArchive: 0x7f99f2b54770>', distributionMethod='<IDEDistributionMethodAdHoc: 0x7f99e1904670>', team='<IDEProvisioningDisambiguatableBasicTeam: 0x7f99edc05c90; teamID='J69L29WRH2', teamName='Fight Alarm Ltd', teamType='Company', username='presolabi@gmail.com', isFreeProvisioningTeam='0'>'>
	<IDEDistributionContext: 0x7f99e26053d0; archive = '<IDEArchive: 0x7f99f2b54770>', distributionMethod='<IDEDistributionMethodAdHoc: 0x7f99e1904670>', team='<IDEProvisioningDisambiguatableBasicTeam: 0x7f99edc05c90; teamID='J69L29WRH2', teamName='Fight Alarm Ltd', teamType='Company', username='presolabi@gmail.com', isFreeProvisioningTeam='0'>'>
	<IDEDistributionContext: 0x7f99e755af20; archive = '<IDEArchive: 0x7f99f2b54770>', distributionMethod='<IDEDistributionMethodAdHoc: 0x7f99e1904670>', team='<IDEProvisioningDisambiguatableBasicTeam: 0x7f99edc05c90; teamID='J69L29WRH2', teamName='Fight Alarm Ltd', teamType='Company', username='presolabi@gmail.com', isFreeProvisioningTeam='0'>'>
	<IDEDistributionContext: 0x7f99e7145c30; archive = '<IDEArchive: 0x7f99f2b54770>', distributionMethod='<IDEDistributionMethodAdHoc: 0x7f99e1904670>', team='<IDEProvisioningDisambiguatableBasicTeam: 0x7f99edc05c90; teamID='J69L29WRH2', teamName='Fight Alarm Ltd', teamType='Company', username='presolabi@gmail.com', isFreeProvisioningTeam='0'>'>
	<IDEDistributionContext: 0x7f99e5b436a0; archive = '<IDEArchive: 0x7f99f2b54770>', distributionMethod='<IDEDistributionMethodAdHoc: 0x7f99e1904670>', team='<IDEProvisioningDisambiguatableBasicTeam: 0x7f99edc05c90; teamID='J69L29WRH2', teamName='Fight Alarm Ltd', teamType='Company', username='presolabi@gmail.com', isFreeProvisioningTeam='0'>'>
	<IDEDistributionContext: 0x7f99e36598a0; archive = '<IDEArchive: 0x7f99f2b54770>', distributionMethod='<IDEDistributionMethodAdHoc: 0x7f99e1904670>', team='<IDEProvisioningDisambiguatableBasicTeam: 0x7f99edc05c90; teamID='J69L29WRH2', teamName='Fight Alarm Ltd', teamType='Company', username='presolabi@gmail.com', isFreeProvisioningTeam='0'>'>
	<IDEDistributionContext: 0x7f99e2514ec0; archive = '<IDEArchive: 0x7f99f2b54770>', distributionMethod='<IDEDistributionMethodAdHoc: 0x7f99e1904670>', team='<IDEProvisioningDisambiguatableBasicTeam: 0x7f99edc05c90; teamID='J69L29WRH2', teamName='Fight Alarm Ltd', teamType='Company', username='presolabi@gmail.com', isFreeProvisioningTeam='0'>'>
	<IDEDistributionContext: 0x7f99e5b43410; archive = '<IDEArchive: 0x7f99f2b54770>', distributionMethod='<IDEDistributionMethodAdHoc: 0x7f99e1904670>', team='<IDEProvisioningDisambiguatableBasicTeam: 0x7f99edc05c90; teamID='J69L29WRH2', teamName='Fight Alarm Ltd', teamType='Company', username='presolabi@gmail.com', isFreeProvisioningTeam='0'>'>
	<IDEDistributionContext: 0x7f99e7528ad0; archive = '<IDEArchive: 0x7f99f2b54770>', distributionMethod='<IDEDistributionMethodAdHoc: 0x7f99e1904670>', team='(null)'>
	<IDEDistributionContext: 0x7f99e272dc80; archive = '<IDEArchive: 0x7f99f2b54770>', distributionMethod='<IDEDistributionMethodAdHoc: 0x7f99e1904670>', team='(null)'>
	<IDEDistributionContext: 0x7f99e1af9610; archive = '<IDEArchive: 0x7f99f2b54770>', distributionMethod='(null)', team='(null)'>
</IDEDistributionProcessingPipelineContext: 0x7f99e09d8a80>
2018-11-19 12:38:47 +0000  Processing step: IDEDistributionCreateDestRootStep
2018-11-19 12:38:47 +0000  Processing step: IDEDistributionCopyItemStep
2018-11-19 12:38:47 +0000  Running /usr/bin/ditto '-V' '/Users/abiwax/Library/Developer/Xcode/Archives/2018-11-19/FightAlarm 2018-11-19, 8.15 AM.xcarchive/Products/Applications/FightAlarm.app' '/var/folders/hw/m_2s9ctd2_78vfvlfh53bjsh0000gn/T/XcodeDistPipeline.4es/Root/Payload/FightAlarm.app'
2018-11-19 12:38:47 +0000  >>> Copying /Users/abiwax/Library/Developer/Xcode/Archives/2018-11-19/FightAlarm 2018-11-19, 8.15 AM.xcarchive/Products/Applications/FightAlarm.app 
2018-11-19 12:38:47 +0000  copying file ./_CodeSignature/CodeResources ... 
2018-11-19 12:38:47 +0000  54819 bytes for ./_CodeSignature/CodeResources
2018-11-19 12:38:47 +0000  copying file ./LaunchImage@2x.png ... 
2018-11-19 12:38:47 +0000  38206 bytes for ./LaunchImage@2x.png
2018-11-19 12:38:47 +0000  copying file ./AppIcon20x20@2x.png ... 
2018-11-19 12:38:47 +0000  2009 bytes for ./AppIcon20x20@2x.png
2018-11-19 12:38:47 +0000  copying file ./MainViewController.nib ... 
2018-11-19 12:38:47 +0000  943 bytes for ./MainViewController.nib
2018-11-19 12:38:47 +0000  copying file ./AppIcon57x57.png ... 
2018-11-19 12:38:47 +0000  3551 bytes for ./AppIcon57x57.png
2018-11-19 12:38:47 +0000  copying file ./AppIcon20x20@3x.png ... 
2018-11-19 12:38:47 +0000  3778 bytes for ./AppIcon20x20@3x.png
2018-11-19 12:38:47 +0000  copying file ./AppIcon29x29.png ... 
2018-11-19 12:38:47 +0000  1551 bytes for ./AppIcon29x29.png
2018-11-19 12:38:47 +0000  copying file ./LaunchImage-568h@2x.png ... 
2018-11-19 12:38:47 +0000  46728 bytes for ./LaunchImage-568h@2x.png
copying file ./AppIcon60x60@2x.png ... 
2018-11-19 12:38:47 +0000  7798 bytes for ./AppIcon60x60@2x.png
copying file ./AppIcon72x72@2x~ipad.png ... 
2018-11-19 12:38:47 +0000  9221 bytes for ./AppIcon72x72@2x~ipad.png
2018-11-19 12:38:47 +0000  copying file ./DatePicker.nib ... 
2018-11-19 12:38:47 +0000  4727 bytes for ./DatePicker.nib
2018-11-19 12:38:47 +0000  copying file ./AppIcon29x29@2x.png ... 
2018-11-19 12:38:47 +0000  3613 bytes for ./AppIcon29x29@2x.png
2018-11-19 12:38:47 +0000  copying file ./LaunchImage-800-667h@2x.png ... 
2018-11-19 12:38:47 +0000  59219 bytes for ./LaunchImage-800-667h@2x.png
2018-11-19 12:38:47 +0000  copying file ./LaunchImage-Portrait@2x~ipad.png ... 
2018-11-19 12:38:47 +0000  121451 bytes for ./LaunchImage-Portrait@2x~ipad.png
2018-11-19 12:38:47 +0000  copying file ./AppIcon40x40@3x.png ... 
2018-11-19 12:38:47 +0000  7798 bytes for ./AppIcon40x40@3x.png
2018-11-19 12:38:47 +0000  copying file ./AppIcon57x57@2x.png ... 
2018-11-19 12:38:47 +0000  7412 bytes for ./AppIcon57x57@2x.png
2018-11-19 12:38:47 +0000  copying file ./AppIcon29x29~ipad.png ... 
2018-11-19 12:38:47 +0000  1551 bytes for ./AppIcon29x29~ipad.png
2018-11-19 12:38:47 +0000  copying file ./AppIcon40x40@2x.png ... 
2018-11-19 12:38:47 +0000  5190 bytes for ./AppIcon40x40@2x.png
2018-11-19 12:38:47 +0000  copying file ./LaunchImage-Portrait~ipad.png ... 
2018-11-19 12:38:47 +0000  42506 bytes for ./LaunchImage-Portrait~ipad.png
2018-11-19 12:38:47 +0000  copying file ./AppIcon29x29@3x.png ... 
2018-11-19 12:38:47 +0000  5717 bytes for ./AppIcon29x29@3x.png
2018-11-19 12:38:47 +0000  copying file ./GoogleService-Info.plist ... 
2018-11-19 12:38:47 +0000  884 bytes for ./GoogleService-Info.plist
2018-11-19 12:38:47 +0000  copying file ./AppIcon60x60@3x.png ... 
2018-11-19 12:38:47 +0000  11494 bytes for ./AppIcon60x60@3x.png
2018-11-19 12:38:47 +0000  copying file ./config.xml ... 
2018-11-19 12:38:47 +0000  7274 bytes for ./config.xml
2018-11-19 12:38:47 +0000  copying file ./www/index.html ... 
2018-11-19 12:38:47 +0000  1810 bytes for ./www/index.html
2018-11-19 12:38:47 +0000  copying file ./www/cordova.js ... 
2018-11-19 12:38:47 +0000  78123 bytes for ./www/cordova.js
2018-11-19 12:38:47 +0000  copying file ./www/plugins/cordova-plugin-file/www/requestFileSystem.js ... 
2018-11-19 12:38:47 +0000  3244 bytes for ./www/plugins/cordova-plugin-file/www/requestFileSystem.js
2018-11-19 12:38:47 +0000  copying file ./www/plugins/cordova-plugin-file/www/DirectoryEntry.js ... 
2018-11-19 12:38:47 +0000  4681 bytes for ./www/plugins/cordova-plugin-file/www/DirectoryEntry.js
2018-11-19 12:38:47 +0000  copying file ./www/plugins/cordova-plugin-file/www/FileSystem.js ... 
2018-11-19 12:38:47 +0000  1960 bytes for ./www/plugins/cordova-plugin-file/www/FileSystem.js
2018-11-19 12:38:47 +0000  copying file ./www/plugins/cordova-plugin-file/www/Flags.js ... 
2018-11-19 12:38:47 +0000  1336 bytes for ./www/plugins/cordova-plugin-file/www/Flags.js
2018-11-19 12:38:47 +0000  copying file ./www/plugins/cordova-plugin-file/www/fileSystemPaths.js ... 
2018-11-19 12:38:47 +0000  2548 bytes for ./www/plugins/cordova-plugin-file/www/fileSystemPaths.js
2018-11-19 12:38:47 +0000  copying file ./www/plugins/cordova-plugin-file/www/FileEntry.js ... 
2018-11-19 12:38:47 +0000  3423 bytes for ./www/plugins/cordova-plugin-file/www/FileEntry.js
2018-11-19 12:38:47 +0000  copying file ./www/plugins/cordova-plugin-file/www/fileSystems.js ... 
2018-11-19 12:38:47 +0000  1047 bytes for ./www/plugins/cordova-plugin-file/www/fileSystems.js
copying file ./www/plugins/cordova-plugin-file/www/DirectoryReader.js ... 
2018-11-19 12:38:47 +0000  2724 bytes for ./www/plugins/cordova-plugin-file/www/DirectoryReader.js
2018-11-19 12:38:47 +0000  copying file ./www/plugins/cordova-plugin-file/www/Metadata.js ... 
2018-11-19 12:38:47 +0000  1488 bytes for ./www/plugins/cordova-plugin-file/www/Metadata.js
2018-11-19 12:38:47 +0000  copying file ./www/plugins/cordova-plugin-file/www/ios/FileSystem.js ... 
2018-11-19 12:38:47 +0000  1222 bytes for ./www/plugins/cordova-plugin-file/www/ios/FileSystem.js
2018-11-19 12:38:47 +0000  copying file ./www/plugins/cordova-plugin-file/www/browser/isChrome.js ... 
2018-11-19 12:38:47 +0000  1232 bytes for ./www/plugins/cordova-plugin-file/www/browser/isChrome.js
2018-11-19 12:38:47 +0000  copying file ./www/plugins/cordova-plugin-file/www/LocalFileSystem.js ... 
2018-11-19 12:38:47 +0000  957 bytes for ./www/plugins/cordova-plugin-file/www/LocalFileSystem.js
2018-11-19 12:38:47 +0000  copying file ./www/plugins/cordova-plugin-file/www/FileReader.js ... 
2018-11-19 12:38:47 +0000  10523 bytes for ./www/plugins/cordova-plugin-file/www/FileReader.js
2018-11-19 12:38:47 +0000  copying file ./www/plugins/cordova-plugin-file/www/fileSystems-roots.js ... 
2018-11-19 12:38:47 +0000  1598 bytes for ./www/plugins/cordova-plugin-file/www/fileSystems-roots.js
copying file ./www/plugins/cordova-plugin-file/www/FileUploadOptions.js ... 
2018-11-19 12:38:47 +0000  1831 bytes for ./www/plugins/cordova-plugin-file/www/FileUploadOptions.js
2018-11-19 12:38:47 +0000  copying file ./www/plugins/cordova-plugin-file/www/FileWriter.js ... 
2018-11-19 12:38:47 +0000  10544 bytes for ./www/plugins/cordova-plugin-file/www/FileWriter.js
copying file ./www/plugins/cordova-plugin-file/www/FileError.js ... 
2018-11-19 12:38:47 +0000  1483 bytes for ./www/plugins/cordova-plugin-file/www/FileError.js
2018-11-19 12:38:47 +0000  copying file ./www/plugins/cordova-plugin-file/www/FileUploadResult.js ... 
2018-11-19 12:38:47 +0000  1111 bytes for ./www/plugins/cordova-plugin-file/www/FileUploadResult.js
copying file ./www/plugins/cordova-plugin-file/www/ProgressEvent.js ... 
2018-11-19 12:38:47 +0000  2544 bytes for ./www/plugins/cordova-plugin-file/www/ProgressEvent.js
2018-11-19 12:38:47 +0000  copying file ./www/plugins/cordova-plugin-file/www/File.js ... 
2018-11-19 12:38:47 +0000  2722 bytes for ./www/plugins/cordova-plugin-file/www/File.js
2018-11-19 12:38:47 +0000  copying file ./www/plugins/cordova-plugin-file/www/resolveLocalFileSystemURI.js ... 
2018-11-19 12:38:47 +0000  4325 bytes for ./www/plugins/cordova-plugin-file/www/resolveLocalFileSystemURI.js
2018-11-19 12:38:47 +0000  copying file ./www/plugins/cordova-plugin-file/www/Entry.js ... 
2018-11-19 12:38:47 +0000  9869 bytes for ./www/plugins/cordova-plugin-file/www/Entry.js
2018-11-19 12:38:47 +0000  copying file ./www/plugins/cordova-plugin-datepicker/www/ios/DatePicker.js ... 
2018-11-19 12:38:47 +0000  3630 bytes for ./www/plugins/cordova-plugin-datepicker/www/ios/DatePicker.js
2018-11-19 12:38:47 +0000  copying file ./www/plugins/cordova-plugin-ionic-webview/src/www/util.js ... 
2018-11-19 12:38:47 +0000  872 bytes for ./www/plugins/cordova-plugin-ionic-webview/src/www/util.js
2018-11-19 12:38:47 +0000  copying file ./www/plugins/cordova-plugin-ionic-webview/src/www/ios/ios-wkwebview-exec.js ... 
2018-11-19 12:38:47 +0000  6126 bytes for ./www/plugins/cordova-plugin-ionic-webview/src/www/ios/ios-wkwebview-exec.js
2018-11-19 12:38:47 +0000  copying file ./www/plugins/cordova-plugin-local-notification/www/local-notification.js ... 
2018-11-19 12:38:47 +0000  9200 bytes for ./www/plugins/cordova-plugin-local-notification/www/local-notification.js
2018-11-19 12:38:47 +0000  copying file ./www/plugins/cordova-plugin-local-notification/www/local-notification-core.js ... 
2018-11-19 12:38:47 +0000  11455 bytes for ./www/plugins/cordova-plugin-local-notification/www/local-notification-core.js
2018-11-19 12:38:47 +0000  copying file ./www/plugins/cordova-plugin-local-notification/www/local-notification-util.js ... 
2018-11-19 12:38:47 +0000  14748 bytes for ./www/plugins/cordova-plugin-local-notification/www/local-notification-util.js
2018-11-19 12:38:47 +0000  copying file ./www/plugins/cordova-plugin-device/www/device.js ... 
2018-11-19 12:38:47 +0000  3070 bytes for ./www/plugins/cordova-plugin-device/www/device.js
2018-11-19 12:38:47 +0000  copying file ./www/plugins/cordova-plugin-badge/www/badge.js ... 
2018-11-19 12:38:47 +0000  8152 bytes for ./www/plugins/cordova-plugin-badge/www/badge.js
2018-11-19 12:38:47 +0000  copying file ./www/plugins/cordova-plugin-network-information/www/Connection.js ... 
2018-11-19 12:38:47 +0000  1132 bytes for ./www/plugins/cordova-plugin-network-information/www/Connection.js
copying file ./www/plugins/cordova-plugin-network-information/www/network.js ... 
2018-11-19 12:38:47 +0000  3369 bytes for ./www/plugins/cordova-plugin-network-information/www/network.js
2018-11-19 12:38:47 +0000  copying file ./www/plugins/cordova-plugin-camera/www/CameraPopoverOptions.js ... 
2018-11-19 12:38:47 +0000  2296 bytes for ./www/plugins/cordova-plugin-camera/www/CameraPopoverOptions.js
2018-11-19 12:38:47 +0000  copying file ./www/plugins/cordova-plugin-camera/www/ios/CameraPopoverHandle.js ... 
2018-11-19 12:38:47 +0000  2271 bytes for ./www/plugins/cordova-plugin-camera/www/ios/CameraPopoverHandle.js
2018-11-19 12:38:47 +0000  copying file ./www/plugins/cordova-plugin-camera/www/CameraConstants.js ... 
2018-11-19 12:38:47 +0000  3488 bytes for ./www/plugins/cordova-plugin-camera/www/CameraConstants.js
copying file ./www/plugins/cordova-plugin-camera/www/Camera.js ... 
2018-11-19 12:38:47 +0000  7995 bytes for ./www/plugins/cordova-plugin-camera/www/Camera.js
2018-11-19 12:38:47 +0000  copying file ./www/plugins/cordova-plugin-statusbar/www/statusbar.js ... 
2018-11-19 12:38:47 +0000  3376 bytes for ./www/plugins/cordova-plugin-statusbar/www/statusbar.js
2018-11-19 12:38:47 +0000  copying file ./www/plugins/cordova-plugin-splashscreen/www/splashscreen.js ... 
2018-11-19 12:38:47 +0000  1173 bytes for ./www/plugins/cordova-plugin-splashscreen/www/splashscreen.js
2018-11-19 12:38:47 +0000  copying file ./www/plugins/cordova-plugin-ionic-keyboard/www/ios/keyboard.js ... 
2018-11-19 12:38:47 +0000  3020 bytes for ./www/plugins/cordova-plugin-ionic-keyboard/www/ios/keyboard.js
2018-11-19 12:38:47 +0000  copying file ./www/plugins/cordova-plugin-fcm/www/FCMPlugin.js ... 
2018-11-19 12:38:47 +0000  1639 bytes for ./www/plugins/cordova-plugin-fcm/www/FCMPlugin.js
2018-11-19 12:38:47 +0000  copying file ./www/cordova-js-src/exec.js ... 
2018-11-19 12:38:47 +0000  8877 bytes for ./www/cordova-js-src/exec.js
2018-11-19 12:38:47 +0000  copying file ./www/cordova-js-src/plugin/ios/logger.js ... 
2018-11-19 12:38:47 +0000  10233 bytes for ./www/cordova-js-src/plugin/ios/logger.js
copying file ./www/cordova-js-src/plugin/ios/console.js ... 
2018-11-19 12:38:47 +0000  6822 bytes for ./www/cordova-js-src/plugin/ios/console.js
2018-11-19 12:38:47 +0000  copying file ./www/cordova-js-src/platform.js ... 
2018-11-19 12:38:47 +0000  1168 bytes for ./www/cordova-js-src/platform.js
2018-11-19 12:38:47 +0000  copying file ./www/manifest.json ... 
2018-11-19 12:38:47 +0000  266 bytes for ./www/manifest.json
2018-11-19 12:38:47 +0000  copying file ./www/cordova_plugins.js ... 
2018-11-19 12:38:47 +0000  9518 bytes for ./www/cordova_plugins.js
2018-11-19 12:38:47 +0000  copying file ./www/service-worker.js ... 
2018-11-19 12:38:47 +0000  741 bytes for ./www/service-worker.js
2018-11-19 12:38:47 +0000  copying file ./www/build/main.js.map ... 
2018-11-19 12:38:47 +0000  188722 bytes for ./www/build/main.js.map
copying file ./www/build/main.css.map ... 
2018-11-19 12:38:47 +0000  4 bytes for ./www/build/main.css.map
copying file ./www/build/polyfills.js ... 
2018-11-19 12:38:47 +0000  97180 bytes for ./www/build/polyfills.js
2018-11-19 12:38:47 +0000  copying file ./www/build/main.css ... 
2018-11-19 12:38:47 +0000  689370 bytes for ./www/build/main.css
copying file ./www/build/vendor.js ... 
2018-11-19 12:38:47 +0000  7511825 bytes for ./www/build/vendor.js
2018-11-19 12:38:47 +0000  copying file ./www/build/main.js ... 
2018-11-19 12:38:47 +0000  213198 bytes for ./www/build/main.js
2018-11-19 12:38:47 +0000  copying file ./www/build/0.js.map ... 
2018-11-19 12:38:47 +0000  742 bytes for ./www/build/0.js.map
2018-11-19 12:38:47 +0000  copying file ./www/build/0.js ... 
2018-11-19 12:38:47 +0000  1876 bytes for ./www/build/0.js
2018-11-19 12:38:47 +0000  copying file ./www/build/sw-toolbox.js ... 
2018-11-19 12:38:47 +0000  15793 bytes for ./www/build/sw-toolbox.js
copying file ./www/build/vendor.js.map ... 
2018-11-19 12:38:47 +0000  8869044 bytes for ./www/build/vendor.js.map
2018-11-19 12:38:47 +0000  copying file ./www/assets/svg/group.svg ... 
2018-11-19 12:38:47 +0000  1056 bytes for ./www/assets/svg/group.svg
2018-11-19 12:38:47 +0000  copying file ./www/assets/svg/tv.svg ... 
2018-11-19 12:38:47 +0000  795 bytes for ./www/assets/svg/tv.svg
copying file ./www/assets/svg/category.svg ... 
2018-11-19 12:38:47 +0000  347 bytes for ./www/assets/svg/category.svg
copying file ./www/assets/svg/equalizer.svg ... 
2018-11-19 12:38:47 +0000  689 bytes for ./www/assets/svg/equalizer.svg
2018-11-19 12:38:47 +0000  copying file ./www/assets/svg/pencil.svg ... 
2018-11-19 12:38:47 +0000  357 bytes for ./www/assets/svg/pencil.svg
2018-11-19 12:38:47 +0000  copying file ./www/assets/svg/filter.svg ... 
2018-11-19 12:38:47 +0000  291 bytes for ./www/assets/svg/filter.svg
2018-11-19 12:38:47 +0000  copying file ./www/assets/css/bootstrap.min.css ... 
2018-11-19 12:38:47 +0000  140936 bytes for ./www/assets/css/bootstrap.min.css
2018-11-19 12:38:47 +0000  copying file ./www/assets/css/bootstrap.css ... 
2018-11-19 12:38:47 +0000  173597 bytes for ./www/assets/css/bootstrap.css
2018-11-19 12:38:47 +0000  copying file ./www/assets/css/bootstrap.css.map ... 
2018-11-19 12:38:47 +0000  430003 bytes for ./www/assets/css/bootstrap.css.map
2018-11-19 12:38:47 +0000  copying file ./www/assets/css/bootstrap.min.css.map ... 
2018-11-19 12:38:47 +0000  562427 bytes for ./www/assets/css/bootstrap.min.css.map
2018-11-19 12:38:47 +0000  copying file ./www/assets/imgs/IgMqvuswRQyiCJKtuVdv_login.png ... 
2018-11-19 12:38:47 +0000  238890 bytes for ./www/assets/imgs/IgMqvuswRQyiCJKtuVdv_login.png
copying file ./www/assets/imgs/events-oval@2x.png ... 
2018-11-19 12:38:47 +0000  31324 bytes for ./www/assets/imgs/events-oval@2x.png
copying file ./www/assets/imgs/events-oval.png ... 
2018-11-19 12:38:47 +0000  12380 bytes for ./www/assets/imgs/events-oval.png
copying file ./www/assets/imgs/9J5J9BeZQxCjoizyWJyx_categorybackground.png ... 
2018-11-19 12:38:47 +0000  35487 bytes for ./www/assets/imgs/9J5J9BeZQxCjoizyWJyx_categorybackground.png
copying file ./www/assets/imgs/events-oval-5@2x.png ... 
2018-11-19 12:38:47 +0000  17119 bytes for ./www/assets/imgs/events-oval-5@2x.png
copying file ./www/assets/imgs/6z4YjX4SuG9MMlC7Fjyw_man.png ... 
2018-11-19 12:38:47 +0000  11288 bytes for ./www/assets/imgs/6z4YjX4SuG9MMlC7Fjyw_man.png
2018-11-19 12:38:47 +0000  copying file ./www/assets/imgs/events-combined-shape 2@2x.png ... 
2018-11-19 12:38:47 +0000  8039 bytes for ./www/assets/imgs/events-combined-shape 2@2x.png
2018-11-19 12:38:47 +0000  copying file ./www/assets/imgs/UTDqVzbOToKjWweTs9ZG_login.png ... 
2018-11-19 12:38:47 +0000  238890 bytes for ./www/assets/imgs/UTDqVzbOToKjWweTs9ZG_login.png
copying file ./www/assets/imgs/events-oval 2@2x.png ... 
2018-11-19 12:38:47 +0000  31324 bytes for ./www/assets/imgs/events-oval 2@2x.png
2018-11-19 12:38:47 +0000  copying file ./www/assets/imgs/logo.png ... 
2018-11-19 12:38:47 +0000  122340 bytes for ./www/assets/imgs/logo.png
2018-11-19 12:38:47 +0000  copying file ./www/assets/imgs/SAQKzanoRe2hnE1mjqVn_boxing-gloves.png ... 
2018-11-19 12:38:47 +0000  5118 bytes for ./www/assets/imgs/SAQKzanoRe2hnE1mjqVn_boxing-gloves.png
copying file ./www/assets/imgs/events-combined-shape 1@2x.png ... 
2018-11-19 12:38:47 +0000  8039 bytes for ./www/assets/imgs/events-combined-shape 1@2x.png
copying file ./www/assets/imgs/events-oval 1@2x.png ... 
2018-11-19 12:38:47 +0000  36707 bytes for ./www/assets/imgs/events-oval 1@2x.png
2018-11-19 12:38:47 +0000  copying file ./www/assets/imgs/pencil-white.png ... 
2018-11-19 12:38:47 +0000  1193 bytes for ./www/assets/imgs/pencil-white.png
copying file ./www/assets/imgs/oIaJbMBYTYGjN0gjVCSU_Profile.png ... 
2018-11-19 12:38:47 +0000  71953 bytes for ./www/assets/imgs/oIaJbMBYTYGjN0gjVCSU_Profile.png
2018-11-19 12:38:47 +0000  copying file ./www/assets/imgs/events-combined-shape@2x.png ... 
2018-11-19 12:38:47 +0000  8039 bytes for ./www/assets/imgs/events-combined-shape@2x.png
2018-11-19 12:38:47 +0000  copying file ./www/assets/imgs/Xrx7M9uCTiCgyYgxkSVN_boxing-gloves.png ... 
2018-11-19 12:38:47 +0000  5118 bytes for ./www/assets/imgs/Xrx7M9uCTiCgyYgxkSVN_boxing-gloves.png
2018-11-19 12:38:47 +0000  copying file ./www/assets/icon/favicon.ico ... 
2018-11-19 12:38:47 +0000  1981 bytes for ./www/assets/icon/favicon.ico
2018-11-19 12:38:47 +0000  copying file ./www/assets/fonts/roboto-medium.ttf ... 
2018-11-19 12:38:47 +0000  19752 bytes for ./www/assets/fonts/roboto-medium.ttf
2018-11-19 12:38:47 +0000  copying file ./www/assets/fonts/roboto-light.woff2 ... 
2018-11-19 12:38:47 +0000  10220 bytes for ./www/assets/fonts/roboto-light.woff2
2018-11-19 12:38:47 +0000  copying file ./www/assets/fonts/roboto-light.ttf ... 
2018-11-19 12:38:47 +0000  19908 bytes for ./www/assets/fonts/roboto-light.ttf
copying file ./www/assets/fonts/roboto-regular.woff2 ... 
2018-11-19 12:38:47 +0000  10196 bytes for ./www/assets/fonts/roboto-regular.woff2
2018-11-19 12:38:47 +0000  copying file ./www/assets/fonts/roboto-regular.woff ... 
2018-11-19 12:38:47 +0000  13308 bytes for ./www/assets/fonts/roboto-regular.woff
2018-11-19 12:38:47 +0000  copying file ./www/assets/fonts/noto-sans-bold.ttf ... 
2018-11-19 12:38:47 +0000  415132 bytes for ./www/assets/fonts/noto-sans-bold.ttf
copying file ./www/assets/fonts/ionicons.eot ... 
2018-11-19 12:38:47 +0000  144114 bytes for ./www/assets/fonts/ionicons.eot
2018-11-19 12:38:47 +0000  copying file ./www/assets/fonts/noto-sans-bold.woff ... 
2018-11-19 12:38:47 +0000  211888 bytes for ./www/assets/fonts/noto-sans-bold.woff
2018-11-19 12:38:47 +0000  copying file ./www/assets/fonts/roboto-light.woff ... 
2018-11-19 12:38:47 +0000  13360 bytes for ./www/assets/fonts/roboto-light.woff
2018-11-19 12:38:47 +0000  copying file ./www/assets/fonts/roboto-medium.woff2 ... 
2018-11-19 12:38:47 +0000  10192 bytes for ./www/assets/fonts/roboto-medium.woff2
2018-11-19 12:38:47 +0000  copying file ./www/assets/fonts/ionicons.woff ... 
2018-11-19 12:38:47 +0000  80356 bytes for ./www/assets/fonts/ionicons.woff
2018-11-19 12:38:47 +0000  copying file ./www/assets/fonts/roboto-regular.ttf ... 
2018-11-19 12:38:47 +0000  19876 bytes for ./www/assets/fonts/roboto-regular.ttf
2018-11-19 12:38:47 +0000  copying file ./www/assets/fonts/ionicons.ttf ... 
2018-11-19 12:38:47 +0000  143936 bytes for ./www/assets/fonts/ionicons.ttf
2018-11-19 12:38:47 +0000  copying file ./www/assets/fonts/roboto-bold.woff2 ... 
2018-11-19 12:38:47 +0000  10212 bytes for ./www/assets/fonts/roboto-bold.woff2
2018-11-19 12:38:47 +0000  copying file ./www/assets/fonts/noto-sans.scss ... 
2018-11-19 12:38:47 +0000  1282 bytes for ./www/assets/fonts/noto-sans.scss
2018-11-19 12:38:47 +0000  copying file ./www/assets/fonts/roboto.scss ... 
2018-11-19 12:38:47 +0000  1458 bytes for ./www/assets/fonts/roboto.scss
2018-11-19 12:38:47 +0000  copying file ./www/assets/fonts/noto-sans-regular.woff ... 
2018-11-19 12:38:47 +0000  212780 bytes for ./www/assets/fonts/noto-sans-regular.woff
2018-11-19 12:38:47 +0000  copying file ./www/assets/fonts/roboto-medium.woff ... 
2018-11-19 12:38:47 +0000  13248 bytes for ./www/assets/fonts/roboto-medium.woff
2018-11-19 12:38:47 +0000  copying file ./www/assets/fonts/roboto-bold.woff ... 
2018-11-19 12:38:47 +0000  13348 bytes for ./www/assets/fonts/roboto-bold.woff
2018-11-19 12:38:47 +0000  copying file ./www/assets/fonts/noto-sans-regular.ttf ... 
2018-11-19 12:38:47 +0000  414820 bytes for ./www/assets/fonts/noto-sans-regular.ttf
2018-11-19 12:38:47 +0000  copying file ./www/assets/fonts/ionicons.svg ... 
2018-11-19 12:38:47 +0000  400219 bytes for ./www/assets/fonts/ionicons.svg
copying file ./www/assets/fonts/roboto-bold.ttf ... 
2018-11-19 12:38:47 +0000  20040 bytes for ./www/assets/fonts/roboto-bold.ttf
copying file ./www/assets/fonts/ionicons.woff2 ... 
2018-11-19 12:38:47 +0000  61020 bytes for ./www/assets/fonts/ionicons.woff2
2018-11-19 12:38:47 +0000  copying file ./www/assets/fonts/ionicons.scss ... 
2018-11-19 12:38:47 +0000  1152 bytes for ./www/assets/fonts/ionicons.scss
2018-11-19 12:38:47 +0000  copying file ./www/assets/sound/tickle.mp3 ... 
2018-11-19 12:38:47 +0000  78464 bytes for ./www/assets/sound/tickle.mp3
2018-11-19 12:38:47 +0000  copying file ./www/assets/sound/bell.mp3 ... 
2018-11-19 12:38:47 +0000  199296 bytes for ./www/assets/sound/bell.mp3
2018-11-19 12:38:47 +0000  copying file ./www/wk-plugin.js ... 
2018-11-19 12:38:47 +0000  1388 bytes for ./www/wk-plugin.js
2018-11-19 12:38:47 +0000  copying file ./LaunchImage-Landscape~ipad.png ... 
2018-11-19 12:38:47 +0000  43052 bytes for ./LaunchImage-Landscape~ipad.png
2018-11-19 12:38:47 +0000  copying file ./LaunchImage-700-Portrait~ipad.png ... 
2018-11-19 12:38:47 +0000  42506 bytes for ./LaunchImage-700-Portrait~ipad.png
2018-11-19 12:38:47 +0000  copying file ./Assets.car ... 
2018-11-19 12:38:47 +0000  447800 bytes for ./Assets.car
2018-11-19 12:38:47 +0000  copying file ./AppIcon40x40@2x~ipad.png ... 
2018-11-19 12:38:47 +0000  5190 bytes for ./AppIcon40x40@2x~ipad.png
2018-11-19 12:38:47 +0000  copying file ./AppIcon76x76@2x~ipad.png ... 
2018-11-19 12:38:47 +0000  9861 bytes for ./AppIcon76x76@2x~ipad.png
2018-11-19 12:38:47 +0000  copying file ./LaunchImage-800-Portrait-736h@3x.png ... 
2018-11-19 12:38:47 +0000  129491 bytes for ./LaunchImage-800-Portrait-736h@3x.png
2018-11-19 12:38:47 +0000  copying file ./AppIcon72x72~ipad.png ... 
2018-11-19 12:38:47 +0000  4774 bytes for ./AppIcon72x72~ipad.png
2018-11-19 12:38:47 +0000  copying file ./CDVLaunchScreen.storyboardc/01J-lp-oVM-view-Ze5-6b-2t3.nib ... 
2018-11-19 12:38:47 +0000  2282 bytes for ./CDVLaunchScreen.storyboardc/01J-lp-oVM-view-Ze5-6b-2t3.nib
2018-11-19 12:38:47 +0000  copying file ./CDVLaunchScreen.storyboardc/UIViewController-01J-lp-oVM.nib ... 
2018-11-19 12:38:47 +0000  832 bytes for ./CDVLaunchScreen.storyboardc/UIViewController-01J-lp-oVM.nib
2018-11-19 12:38:47 +0000  copying file ./CDVLaunchScreen.storyboardc/Info.plist ... 
2018-11-19 12:38:47 +0000  258 bytes for ./CDVLaunchScreen.storyboardc/Info.plist
2018-11-19 12:38:47 +0000  copying file ./LaunchImage-700@2x.png ... 
2018-11-19 12:38:47 +0000  38206 bytes for ./LaunchImage-700@2x.png
2018-11-19 12:38:47 +0000  copying file ./FightAlarm ... 
2018-11-19 12:38:47 +0000  3605728 bytes for ./FightAlarm
2018-11-19 12:38:47 +0000  copying file ./AppIcon83.5x83.5@2x~ipad.png ... 
2018-11-19 12:38:47 +0000  10757 bytes for ./AppIcon83.5x83.5@2x~ipad.png
copying file ./LaunchImage-700-568h@2x.png ... 
2018-11-19 12:38:47 +0000  46728 bytes for ./LaunchImage-700-568h@2x.png
2018-11-19 12:38:47 +0000  copying file ./LaunchImage-Landscape@2x~ipad.png ... 
2018-11-19 12:38:47 +0000  124008 bytes for ./LaunchImage-Landscape@2x~ipad.png
copying file ./AppIcon50x50~ipad.png ... 
2018-11-19 12:38:47 +0000  3129 bytes for ./AppIcon50x50~ipad.png
copying file ./AppIcon29x29@2x~ipad.png ... 
2018-11-19 12:38:47 +0000  3613 bytes for ./AppIcon29x29@2x~ipad.png
2018-11-19 12:38:47 +0000  copying file ./LaunchImage-700-Landscape@2x~ipad.png ... 
2018-11-19 12:38:47 +0000  124008 bytes for ./LaunchImage-700-Landscape@2x~ipad.png
copying file ./AppIcon50x50@2x~ipad.png ... 
2018-11-19 12:38:47 +0000  6547 bytes for ./AppIcon50x50@2x~ipad.png
copying file ./AppIcon40x40~ipad.png ... 
2018-11-19 12:38:47 +0000  2009 bytes for ./AppIcon40x40~ipad.png
copying file ./LaunchImage.png ... 
2018-11-19 12:38:47 +0000  16461 bytes for ./LaunchImage.png
2018-11-19 12:38:47 +0000  copying file ./LaunchImage-800-Landscape-736h@3x.png ... 
2018-11-19 12:38:47 +0000  134891 bytes for ./LaunchImage-800-Landscape-736h@3x.png
copying file ./LaunchImage-700-Portrait@2x~ipad.png ... 
2018-11-19 12:38:47 +0000  121451 bytes for ./LaunchImage-700-Portrait@2x~ipad.png
copying file ./LaunchImage-700-Landscape~ipad.png ... 
2018-11-19 12:38:47 +0000  43052 bytes for ./LaunchImage-700-Landscape~ipad.png
copying file ./AppIcon20x20@2x~ipad.png ... 
2018-11-19 12:38:47 +0000  2009 bytes for ./AppIcon20x20@2x~ipad.png
copying file ./Info.plist ... 
2018-11-19 12:38:47 +0000  2342 bytes for ./Info.plist
copying file ./PkgInfo ... 
2018-11-19 12:38:47 +0000  8 bytes for ./PkgInfo
copying file ./AppIcon76x76~ipad.png ... 
2018-11-19 12:38:47 +0000  5032 bytes for ./AppIcon76x76~ipad.png
2018-11-19 12:38:47 +0000  /usr/bin/ditto exited with 0
2018-11-19 12:38:47 +0000  Processing step: IDEDistributionEmbedProfileStep
2018-11-19 12:38:47 +0000  Processing step: IDEDistributionAppThinningPlistStep
2018-11-19 12:38:47 +0000  Skipping step: IDEDistributionAppThinningPlistStep because it said so
2018-11-19 12:38:47 +0000  Processing step: IDEDistributionCompileBitcodeStep
2018-11-19 12:38:47 +0000  Skipping step: IDEDistributionCompileBitcodeStep because it said so
2018-11-19 12:38:47 +0000  Processing step: IDEDistributionCodeSlimmingStep
2018-11-19 12:38:47 +0000  Processing step: IDEDistributionCopyBCSymbolMapsStep
2018-11-19 12:38:47 +0000  Skipping step: IDEDistributionCopyBCSymbolMapsStep because it said so
2018-11-19 12:38:47 +0000  Processing step: IDEDistributionSymbolsStep
2018-11-19 12:38:47 +0000  Skipping step: IDEDistributionSymbolsStep because it said so
2018-11-19 12:38:47 +0000  Processing step: IDEDistributionAppThinningStep
2018-11-19 12:38:47 +0000  Skipping step: IDEDistributionAppThinningStep because it said so
2018-11-19 12:38:47 +0000  Processing step: IDEDistributionArchThinningStep
2018-11-19 12:38:47 +0000  Running /Applications/Xcode.app/Contents/Developer/Toolchains/XcodeDefault.xctoolchain/usr/bin/lipo '/var/folders/hw/m_2s9ctd2_78vfvlfh53bjsh0000gn/T/XcodeDistPipeline.4es/Root/Payload/FightAlarm.app/FightAlarm' '-verify_arch' 'arm64e'
2018-11-19 12:38:47 +0000  /Applications/Xcode.app/Contents/Developer/Toolchains/XcodeDefault.xctoolchain/usr/bin/lipo exited with 1
2018-11-19 12:38:47 +0000  Skipping architecture thinning for item "FightAlarm" because arch "arm64e" wasn't found
2018-11-19 12:38:47 +0000  Processing step: IDEDistributionODRStep
2018-11-19 12:38:47 +0000  Processing step: IDEDistributionStripXattrsStep
2018-11-19 12:38:47 +0000  Running /usr/bin/xattr '-crs' '/var/folders/hw/m_2s9ctd2_78vfvlfh53bjsh0000gn/T/XcodeDistPipeline.4es/Root/Payload/FightAlarm.app'
2018-11-19 12:38:48 +0000  /usr/bin/xattr exited with 0
2018-11-19 12:38:48 +0000  Processing step: IDEDistributionCodesignStep
2018-11-19 12:38:48 +0000  Entitlements for <IDEDistributionItem: 0x7f99e723e8d0 'com.fightalarm.alarm' '<DVTFilePath:0x7f99e5efa360:'/Users/abiwax/Library/Developer/Xcode/Archives/2018-11-19/FightAlarm 2018-11-19, 8.15 AM.xcarchive/Products/Applications/FightAlarm.app'>'>: {
    "application-identifier" = "J69L29WRH2.com.fightalarm.alarm";
    "aps-environment" = production;
    "com.apple.developer.team-identifier" = J69L29WRH2;
    "get-task-allow" = 0;
}
2018-11-19 12:38:48 +0000  Writing entitlements for <IDEDistributionItem: 0x7f99e723e8d0 'com.fightalarm.alarm' '<DVTFilePath:0x7f99e5efa360:'/Users/abiwax/Library/Developer/Xcode/Archives/2018-11-19/FightAlarm 2018-11-19, 8.15 AM.xcarchive/Products/Applications/FightAlarm.app'>'> to: /var/folders/hw/m_2s9ctd2_78vfvlfh53bjsh0000gn/T/XcodeDistPipeline.4es/entitlementsZtWOpO
2018-11-19 12:38:48 +0000  Running /usr/bin/codesign '-vvv' '--force' '--sign' 'FB619F33CE051EF9F4AE991207E604AD2FE57944' '--entitlements' '/var/folders/hw/m_2s9ctd2_78vfvlfh53bjsh0000gn/T/XcodeDistPipeline.4es/entitlementsZtWOpO' '--preserve-metadata=identifier,flags,runtime' '/var/folders/hw/m_2s9ctd2_78vfvlfh53bjsh0000gn/T/XcodeDistPipeline.4es/Root/Payload/FightAlarm.app'
2018-11-19 12:38:48 +0000  /var/folders/hw/m_2s9ctd2_78vfvlfh53bjsh0000gn/T/XcodeDistPipeline.4es/Root/Payload/FightAlarm.app: replacing existing signature
2018-11-19 12:38:48 +0000  /var/folders/hw/m_2s9ctd2_78vfvlfh53bjsh0000gn/T/XcodeDistPipeline.4es/Root/Payload/FightAlarm.app: signed app bundle with Mach-O universal (armv7 arm64) [com.fightalarm.alarm]
2018-11-19 12:38:48 +0000  /usr/bin/codesign exited with 0
2018-11-19 12:38:48 +0000  Processing step: IDEDistributionZipODRItemStep
2018-11-19 12:38:48 +0000  Skipping step: IDEDistributionZipODRItemStep because it said so
2018-11-19 12:38:48 +0000  Processing step: IDEDistributionCreateIPAStep
2018-11-19 12:38:48 +0000  Running /usr/bin/ditto '-V' '-c' '-k' '--norsrc' '/var/folders/hw/m_2s9ctd2_78vfvlfh53bjsh0000gn/T/XcodeDistPipeline.4es/Root' '/var/folders/hw/m_2s9ctd2_78vfvlfh53bjsh0000gn/T/XcodeDistPipeline.4es/Packages/FightAlarm.ipa'
2018-11-19 12:38:48 +0000  >>> Copying /var/folders/hw/m_2s9ctd2_78vfvlfh53bjsh0000gn/T/XcodeDistPipeline.4es/Root 
2018-11-19 12:38:48 +0000  copying file ./Payload/FightAlarm.app/_CodeSignature/CodeResources ... 
2018-11-19 12:38:48 +0000  55125 bytes for ./Payload/FightAlarm.app/_CodeSignature/CodeResources
2018-11-19 12:38:48 +0000  copying file ./Payload/FightAlarm.app/LaunchImage@2x.png ... 
2018-11-19 12:38:48 +0000  38206 bytes for ./Payload/FightAlarm.app/LaunchImage@2x.png
2018-11-19 12:38:48 +0000  copying file ./Payload/FightAlarm.app/AppIcon20x20@2x.png ... 
2018-11-19 12:38:48 +0000  2009 bytes for ./Payload/FightAlarm.app/AppIcon20x20@2x.png
copying file ./Payload/FightAlarm.app/MainViewController.nib ... 
2018-11-19 12:38:48 +0000  943 bytes for ./Payload/FightAlarm.app/MainViewController.nib
copying file ./Payload/FightAlarm.app/AppIcon57x57.png ... 
2018-11-19 12:38:48 +0000  3551 bytes for ./Payload/FightAlarm.app/AppIcon57x57.png
2018-11-19 12:38:48 +0000  copying file ./Payload/FightAlarm.app/AppIcon20x20@3x.png ... 
2018-11-19 12:38:48 +0000  3778 bytes for ./Payload/FightAlarm.app/AppIcon20x20@3x.png
2018-11-19 12:38:48 +0000  copying file ./Payload/FightAlarm.app/AppIcon29x29.png ... 
2018-11-19 12:38:48 +0000  1551 bytes for ./Payload/FightAlarm.app/AppIcon29x29.png
copying file ./Payload/FightAlarm.app/LaunchImage-568h@2x.png ... 
2018-11-19 12:38:48 +0000  46728 bytes for ./Payload/FightAlarm.app/LaunchImage-568h@2x.png
copying file ./Payload/FightAlarm.app/AppIcon60x60@2x.png ... 
2018-11-19 12:38:48 +0000  7798 bytes for ./Payload/FightAlarm.app/AppIcon60x60@2x.png
copying file ./Payload/FightAlarm.app/AppIcon72x72@2x~ipad.png ... 
2018-11-19 12:38:48 +0000  9221 bytes for ./Payload/FightAlarm.app/AppIcon72x72@2x~ipad.png
copying file ./Payload/FightAlarm.app/DatePicker.nib ... 
2018-11-19 12:38:48 +0000  4727 bytes for ./Payload/FightAlarm.app/DatePicker.nib
copying file ./Payload/FightAlarm.app/AppIcon29x29@2x.png ... 
2018-11-19 12:38:48 +0000  3613 bytes for ./Payload/FightAlarm.app/AppIcon29x29@2x.png
2018-11-19 12:38:48 +0000  copying file ./Payload/FightAlarm.app/LaunchImage-800-667h@2x.png ... 
2018-11-19 12:38:48 +0000  59219 bytes for ./Payload/FightAlarm.app/LaunchImage-800-667h@2x.png
copying file ./Payload/FightAlarm.app/LaunchImage-Portrait@2x~ipad.png ... 
2018-11-19 12:38:48 +0000  121451 bytes for ./Payload/FightAlarm.app/LaunchImage-Portrait@2x~ipad.png
copying file ./Payload/FightAlarm.app/AppIcon40x40@3x.png ... 
2018-11-19 12:38:48 +0000  7798 bytes for ./Payload/FightAlarm.app/AppIcon40x40@3x.png
copying file ./Payload/FightAlarm.app/AppIcon57x57@2x.png ... 
2018-11-19 12:38:48 +0000  7412 bytes for ./Payload/FightAlarm.app/AppIcon57x57@2x.png
copying file ./Payload/FightAlarm.app/AppIcon29x29~ipad.png ... 
2018-11-19 12:38:48 +0000  1551 bytes for ./Payload/FightAlarm.app/AppIcon29x29~ipad.png
copying file ./Payload/FightAlarm.app/AppIcon40x40@2x.png ... 
2018-11-19 12:38:48 +0000  5190 bytes for ./Payload/FightAlarm.app/AppIcon40x40@2x.png
2018-11-19 12:38:48 +0000  copying file ./Payload/FightAlarm.app/LaunchImage-Portrait~ipad.png ... 
2018-11-19 12:38:48 +0000  42506 bytes for ./Payload/FightAlarm.app/LaunchImage-Portrait~ipad.png
copying file ./Payload/FightAlarm.app/AppIcon29x29@3x.png ... 
2018-11-19 12:38:48 +0000  5717 bytes for ./Payload/FightAlarm.app/AppIcon29x29@3x.png
copying file ./Payload/FightAlarm.app/GoogleService-Info.plist ... 
2018-11-19 12:38:48 +0000  884 bytes for ./Payload/FightAlarm.app/GoogleService-Info.plist
copying file ./Payload/FightAlarm.app/AppIcon60x60@3x.png ... 
2018-11-19 12:38:48 +0000  11494 bytes for ./Payload/FightAlarm.app/AppIcon60x60@3x.png
copying file ./Payload/FightAlarm.app/config.xml ... 
2018-11-19 12:38:48 +0000  7274 bytes for ./Payload/FightAlarm.app/config.xml
2018-11-19 12:38:48 +0000  copying file ./Payload/FightAlarm.app/www/index.html ... 
2018-11-19 12:38:48 +0000  1810 bytes for ./Payload/FightAlarm.app/www/index.html
copying file ./Payload/FightAlarm.app/www/cordova.js ... 
2018-11-19 12:38:48 +0000  78123 bytes for ./Payload/FightAlarm.app/www/cordova.js
2018-11-19 12:38:48 +0000  copying file ./Payload/FightAlarm.app/www/plugins/cordova-plugin-file/www/requestFileSystem.js ... 
2018-11-19 12:38:48 +0000  3244 bytes for ./Payload/FightAlarm.app/www/plugins/cordova-plugin-file/www/requestFileSystem.js
copying file ./Payload/FightAlarm.app/www/plugins/cordova-plugin-file/www/DirectoryEntry.js ... 
2018-11-19 12:38:48 +0000  4681 bytes for ./Payload/FightAlarm.app/www/plugins/cordova-plugin-file/www/DirectoryEntry.js
copying file ./Payload/FightAlarm.app/www/plugins/cordova-plugin-file/www/FileSystem.js ... 
2018-11-19 12:38:48 +0000  1960 bytes for ./Payload/FightAlarm.app/www/plugins/cordova-plugin-file/www/FileSystem.js
2018-11-19 12:38:48 +0000  copying file ./Payload/FightAlarm.app/www/plugins/cordova-plugin-file/www/Flags.js ... 
1336 bytes for ./Payload/FightAlarm.app/www/plugins/cordova-plugin-file/www/Flags.js
copying file ./Payload/FightAlarm.app/www/plugins/cordova-plugin-file/www/fileSystemPaths.js ... 
2018-11-19 12:38:48 +0000  2548 bytes for ./Payload/FightAlarm.app/www/plugins/cordova-plugin-file/www/fileSystemPaths.js
2018-11-19 12:38:48 +0000  copying file ./Payload/FightAlarm.app/www/plugins/cordova-plugin-file/www/FileEntry.js ... 
2018-11-19 12:38:48 +0000  3423 bytes for ./Payload/FightAlarm.app/www/plugins/cordova-plugin-file/www/FileEntry.js
copying file ./Payload/FightAlarm.app/www/plugins/cordova-plugin-file/www/fileSystems.js ... 
2018-11-19 12:38:48 +0000  1047 bytes for ./Payload/FightAlarm.app/www/plugins/cordova-plugin-file/www/fileSystems.js
copying file ./Payload/FightAlarm.app/www/plugins/cordova-plugin-file/www/DirectoryReader.js ... 
2018-11-19 12:38:48 +0000  2724 bytes for ./Payload/FightAlarm.app/www/plugins/cordova-plugin-file/www/DirectoryReader.js
2018-11-19 12:38:48 +0000  copying file ./Payload/FightAlarm.app/www/plugins/cordova-plugin-file/www/Metadata.js ... 
1488 bytes for ./Payload/FightAlarm.app/www/plugins/cordova-plugin-file/www/Metadata.js
2018-11-19 12:38:48 +0000  copying file ./Payload/FightAlarm.app/www/plugins/cordova-plugin-file/www/ios/FileSystem.js ... 
1222 bytes for ./Payload/FightAlarm.app/www/plugins/cordova-plugin-file/www/ios/FileSystem.js
2018-11-19 12:38:48 +0000  copying file ./Payload/FightAlarm.app/www/plugins/cordova-plugin-file/www/browser/isChrome.js ... 
2018-11-19 12:38:48 +0000  1232 bytes for ./Payload/FightAlarm.app/www/plugins/cordova-plugin-file/www/browser/isChrome.js
copying file ./Payload/FightAlarm.app/www/plugins/cordova-plugin-file/www/LocalFileSystem.js ... 
2018-11-19 12:38:48 +0000  957 bytes for ./Payload/FightAlarm.app/www/plugins/cordova-plugin-file/www/LocalFileSystem.js
2018-11-19 12:38:48 +0000  copying file ./Payload/FightAlarm.app/www/plugins/cordova-plugin-file/www/FileReader.js ... 
2018-11-19 12:38:48 +0000  10523 bytes for ./Payload/FightAlarm.app/www/plugins/cordova-plugin-file/www/FileReader.js
copying file ./Payload/FightAlarm.app/www/plugins/cordova-plugin-file/www/fileSystems-roots.js ... 
2018-11-19 12:38:48 +0000  1598 bytes for ./Payload/FightAlarm.app/www/plugins/cordova-plugin-file/www/fileSystems-roots.js
copying file ./Payload/FightAlarm.app/www/plugins/cordova-plugin-file/www/FileUploadOptions.js ... 
2018-11-19 12:38:48 +0000  1831 bytes for ./Payload/FightAlarm.app/www/plugins/cordova-plugin-file/www/FileUploadOptions.js
2018-11-19 12:38:48 +0000  copying file ./Payload/FightAlarm.app/www/plugins/cordova-plugin-file/www/FileWriter.js ... 
2018-11-19 12:38:48 +0000  10544 bytes for ./Payload/FightAlarm.app/www/plugins/cordova-plugin-file/www/FileWriter.js
copying file ./Payload/FightAlarm.app/www/plugins/cordova-plugin-file/www/FileError.js ... 
2018-11-19 12:38:48 +0000  1483 bytes for ./Payload/FightAlarm.app/www/plugins/cordova-plugin-file/www/FileError.js
copying file ./Payload/FightAlarm.app/www/plugins/cordova-plugin-file/www/FileUploadResult.js ... 
2018-11-19 12:38:48 +0000  1111 bytes for ./Payload/FightAlarm.app/www/plugins/cordova-plugin-file/www/FileUploadResult.js
copying file ./Payload/FightAlarm.app/www/plugins/cordova-plugin-file/www/ProgressEvent.js ... 
2018-11-19 12:38:48 +0000  2544 bytes for ./Payload/FightAlarm.app/www/plugins/cordova-plugin-file/www/ProgressEvent.js
2018-11-19 12:38:48 +0000  copying file ./Payload/FightAlarm.app/www/plugins/cordova-plugin-file/www/File.js ... 
2018-11-19 12:38:48 +0000  2722 bytes for ./Payload/FightAlarm.app/www/plugins/cordova-plugin-file/www/File.js
copying file ./Payload/FightAlarm.app/www/plugins/cordova-plugin-file/www/resolveLocalFileSystemURI.js ... 
2018-11-19 12:38:48 +0000  4325 bytes for ./Payload/FightAlarm.app/www/plugins/cordova-plugin-file/www/resolveLocalFileSystemURI.js
copying file ./Payload/FightAlarm.app/www/plugins/cordova-plugin-file/www/Entry.js ... 
2018-11-19 12:38:48 +0000  9869 bytes for ./Payload/FightAlarm.app/www/plugins/cordova-plugin-file/www/Entry.js
2018-11-19 12:38:48 +0000  copying file ./Payload/FightAlarm.app/www/plugins/cordova-plugin-datepicker/www/ios/DatePicker.js ... 
2018-11-19 12:38:48 +0000  3630 bytes for ./Payload/FightAlarm.app/www/plugins/cordova-plugin-datepicker/www/ios/DatePicker.js
2018-11-19 12:38:48 +0000  copying file ./Payload/FightAlarm.app/www/plugins/cordova-plugin-ionic-webview/src/www/util.js ... 
2018-11-19 12:38:48 +0000  872 bytes for ./Payload/FightAlarm.app/www/plugins/cordova-plugin-ionic-webview/src/www/util.js
2018-11-19 12:38:48 +0000  copying file ./Payload/FightAlarm.app/www/plugins/cordova-plugin-ionic-webview/src/www/ios/ios-wkwebview-exec.js ... 
2018-11-19 12:38:48 +0000  6126 bytes for ./Payload/FightAlarm.app/www/plugins/cordova-plugin-ionic-webview/src/www/ios/ios-wkwebview-exec.js
2018-11-19 12:38:48 +0000  copying file ./Payload/FightAlarm.app/www/plugins/cordova-plugin-local-notification/www/local-notification.js ... 
2018-11-19 12:38:48 +0000  9200 bytes for ./Payload/FightAlarm.app/www/plugins/cordova-plugin-local-notification/www/local-notification.js
copying file ./Payload/FightAlarm.app/www/plugins/cordova-plugin-local-notification/www/local-notification-core.js ... 
2018-11-19 12:38:48 +0000  11455 bytes for ./Payload/FightAlarm.app/www/plugins/cordova-plugin-local-notification/www/local-notification-core.js
copying file ./Payload/FightAlarm.app/www/plugins/cordova-plugin-local-notification/www/local-notification-util.js ... 
2018-11-19 12:38:48 +0000  14748 bytes for ./Payload/FightAlarm.app/www/plugins/cordova-plugin-local-notification/www/local-notification-util.js
2018-11-19 12:38:48 +0000  copying file ./Payload/FightAlarm.app/www/plugins/cordova-plugin-device/www/device.js ... 
2018-11-19 12:38:48 +0000  3070 bytes for ./Payload/FightAlarm.app/www/plugins/cordova-plugin-device/www/device.js
2018-11-19 12:38:48 +0000  copying file ./Payload/FightAlarm.app/www/plugins/cordova-plugin-badge/www/badge.js ... 
2018-11-19 12:38:48 +0000  8152 bytes for ./Payload/FightAlarm.app/www/plugins/cordova-plugin-badge/www/badge.js
2018-11-19 12:38:48 +0000  copying file ./Payload/FightAlarm.app/www/plugins/cordova-plugin-network-information/www/Connection.js ... 
2018-11-19 12:38:48 +0000  1132 bytes for ./Payload/FightAlarm.app/www/plugins/cordova-plugin-network-information/www/Connection.js
2018-11-19 12:38:48 +0000  copying file ./Payload/FightAlarm.app/www/plugins/cordova-plugin-network-information/www/network.js ... 
2018-11-19 12:38:48 +0000  3369 bytes for ./Payload/FightAlarm.app/www/plugins/cordova-plugin-network-information/www/network.js
2018-11-19 12:38:48 +0000  copying file ./Payload/FightAlarm.app/www/plugins/cordova-plugin-camera/www/CameraPopoverOptions.js ... 
2018-11-19 12:38:48 +0000  2296 bytes for ./Payload/FightAlarm.app/www/plugins/cordova-plugin-camera/www/CameraPopoverOptions.js
2018-11-19 12:38:48 +0000  copying file ./Payload/FightAlarm.app/www/plugins/cordova-plugin-camera/www/ios/CameraPopoverHandle.js ... 
2018-11-19 12:38:48 +0000  2271 bytes for ./Payload/FightAlarm.app/www/plugins/cordova-plugin-camera/www/ios/CameraPopoverHandle.js
copying file ./Payload/FightAlarm.app/www/plugins/cordova-plugin-camera/www/CameraConstants.js ... 
2018-11-19 12:38:48 +0000  3488 bytes for ./Payload/FightAlarm.app/www/plugins/cordova-plugin-camera/www/CameraConstants.js
copying file ./Payload/FightAlarm.app/www/plugins/cordova-plugin-camera/www/Camera.js ... 
2018-11-19 12:38:48 +0000  7995 bytes for ./Payload/FightAlarm.app/www/plugins/cordova-plugin-camera/www/Camera.js
2018-11-19 12:38:48 +0000  copying file ./Payload/FightAlarm.app/www/plugins/cordova-plugin-statusbar/www/statusbar.js ... 
2018-11-19 12:38:48 +0000  3376 bytes for ./Payload/FightAlarm.app/www/plugins/cordova-plugin-statusbar/www/statusbar.js
2018-11-19 12:38:48 +0000  copying file ./Payload/FightAlarm.app/www/plugins/cordova-plugin-splashscreen/www/splashscreen.js ... 
2018-11-19 12:38:48 +0000  1173 bytes for ./Payload/FightAlarm.app/www/plugins/cordova-plugin-splashscreen/www/splashscreen.js
2018-11-19 12:38:48 +0000  copying file ./Payload/FightAlarm.app/www/plugins/cordova-plugin-ionic-keyboard/www/ios/keyboard.js ... 
2018-11-19 12:38:48 +0000  3020 bytes for ./Payload/FightAlarm.app/www/plugins/cordova-plugin-ionic-keyboard/www/ios/keyboard.js
2018-11-19 12:38:48 +0000  copying file ./Payload/FightAlarm.app/www/plugins/cordova-plugin-fcm/www/FCMPlugin.js ... 
2018-11-19 12:38:48 +0000  1639 bytes for ./Payload/FightAlarm.app/www/plugins/cordova-plugin-fcm/www/FCMPlugin.js
2018-11-19 12:38:48 +0000  copying file ./Payload/FightAlarm.app/www/cordova-js-src/exec.js ... 
2018-11-19 12:38:48 +0000  8877 bytes for ./Payload/FightAlarm.app/www/cordova-js-src/exec.js
2018-11-19 12:38:48 +0000  copying file ./Payload/FightAlarm.app/www/cordova-js-src/plugin/ios/logger.js ... 
2018-11-19 12:38:48 +0000  10233 bytes for ./Payload/FightAlarm.app/www/cordova-js-src/plugin/ios/logger.js
copying file ./Payload/FightAlarm.app/www/cordova-js-src/plugin/ios/console.js ... 
2018-11-19 12:38:48 +0000  6822 bytes for ./Payload/FightAlarm.app/www/cordova-js-src/plugin/ios/console.js
2018-11-19 12:38:48 +0000  copying file ./Payload/FightAlarm.app/www/cordova-js-src/platform.js ... 
2018-11-19 12:38:48 +0000  1168 bytes for ./Payload/FightAlarm.app/www/cordova-js-src/platform.js
copying file ./Payload/FightAlarm.app/www/manifest.json ... 
2018-11-19 12:38:48 +0000  266 bytes for ./Payload/FightAlarm.app/www/manifest.json
copying file ./Payload/FightAlarm.app/www/cordova_plugins.js ... 
2018-11-19 12:38:48 +0000  9518 bytes for ./Payload/FightAlarm.app/www/cordova_plugins.js
copying file ./Payload/FightAlarm.app/www/service-worker.js ... 
2018-11-19 12:38:48 +0000  741 bytes for ./Payload/FightAlarm.app/www/service-worker.js
2018-11-19 12:38:48 +0000  copying file ./Payload/FightAlarm.app/www/build/main.js.map ... 
2018-11-19 12:38:48 +0000  188722 bytes for ./Payload/FightAlarm.app/www/build/main.js.map
2018-11-19 12:38:48 +0000  copying file ./Payload/FightAlarm.app/www/build/main.css.map ... 
4 bytes for ./Payload/FightAlarm.app/www/build/main.css.map
copying file ./Payload/FightAlarm.app/www/build/polyfills.js ... 
2018-11-19 12:38:48 +0000  97180 bytes for ./Payload/FightAlarm.app/www/build/polyfills.js
copying file ./Payload/FightAlarm.app/www/build/main.css ... 
2018-11-19 12:38:48 +0000  689370 bytes for ./Payload/FightAlarm.app/www/build/main.css
copying file ./Payload/FightAlarm.app/www/build/vendor.js ... 
2018-11-19 12:38:48 +0000  7511825 bytes for ./Payload/FightAlarm.app/www/build/vendor.js
copying file ./Payload/FightAlarm.app/www/build/main.js ... 
2018-11-19 12:38:48 +0000  213198 bytes for ./Payload/FightAlarm.app/www/build/main.js
copying file ./Payload/FightAlarm.app/www/build/0.js.map ... 
2018-11-19 12:38:48 +0000  742 bytes for ./Payload/FightAlarm.app/www/build/0.js.map
copying file ./Payload/FightAlarm.app/www/build/0.js ... 
2018-11-19 12:38:48 +0000  1876 bytes for ./Payload/FightAlarm.app/www/build/0.js
2018-11-19 12:38:48 +0000  copying file ./Payload/FightAlarm.app/www/build/sw-toolbox.js ... 
2018-11-19 12:38:48 +0000  15793 bytes for ./Payload/FightAlarm.app/www/build/sw-toolbox.js
copying file ./Payload/FightAlarm.app/www/build/vendor.js.map ... 
2018-11-19 12:38:48 +0000  8869044 bytes for ./Payload/FightAlarm.app/www/build/vendor.js.map
2018-11-19 12:38:48 +0000  copying file ./Payload/FightAlarm.app/www/assets/svg/group.svg ... 
1056 bytes for ./Payload/FightAlarm.app/www/assets/svg/group.svg
copying file ./Payload/FightAlarm.app/www/assets/svg/tv.svg ... 
795 bytes for ./Payload/FightAlarm.app/www/assets/svg/tv.svg
copying file ./Payload/FightAlarm.app/www/assets/svg/category.svg ... 
347 bytes for ./Payload/FightAlarm.app/www/assets/svg/category.svg
copying file ./Payload/FightAlarm.app/www/assets/svg/equalizer.svg ... 
689 bytes for ./Payload/FightAlarm.app/www/assets/svg/equalizer.svg
copying file ./Payload/FightAlarm.app/www/assets/svg/pencil.svg ... 
357 bytes for ./Payload/FightAlarm.app/www/assets/svg/pencil.svg
copying file ./Payload/FightAlarm.app/www/assets/svg/filter.svg ... 
291 bytes for ./Payload/FightAlarm.app/www/assets/svg/filter.svg
2018-11-19 12:38:48 +0000  copying file ./Payload/FightAlarm.app/www/assets/css/bootstrap.min.css ... 
2018-11-19 12:38:48 +0000  140936 bytes for ./Payload/FightAlarm.app/www/assets/css/bootstrap.min.css
2018-11-19 12:38:48 +0000  copying file ./Payload/FightAlarm.app/www/assets/css/bootstrap.css ... 
2018-11-19 12:38:48 +0000  173597 bytes for ./Payload/FightAlarm.app/www/assets/css/bootstrap.css
copying file ./Payload/FightAlarm.app/www/assets/css/bootstrap.css.map ... 
2018-11-19 12:38:48 +0000  430003 bytes for ./Payload/FightAlarm.app/www/assets/css/bootstrap.css.map
2018-11-19 12:38:48 +0000  copying file ./Payload/FightAlarm.app/www/assets/css/bootstrap.min.css.map ... 
2018-11-19 12:38:49 +0000  562427 bytes for ./Payload/FightAlarm.app/www/assets/css/bootstrap.min.css.map
2018-11-19 12:38:49 +0000  copying file ./Payload/FightAlarm.app/www/assets/imgs/IgMqvuswRQyiCJKtuVdv_login.png ... 
2018-11-19 12:38:49 +0000  238890 bytes for ./Payload/FightAlarm.app/www/assets/imgs/IgMqvuswRQyiCJKtuVdv_login.png
2018-11-19 12:38:49 +0000  copying file ./Payload/FightAlarm.app/www/assets/imgs/events-oval@2x.png ... 
2018-11-19 12:38:49 +0000  31324 bytes for ./Payload/FightAlarm.app/www/assets/imgs/events-oval@2x.png
copying file ./Payload/FightAlarm.app/www/assets/imgs/events-oval.png ... 
2018-11-19 12:38:49 +0000  12380 bytes for ./Payload/FightAlarm.app/www/assets/imgs/events-oval.png
copying file ./Payload/FightAlarm.app/www/assets/imgs/9J5J9BeZQxCjoizyWJyx_categorybackground.png ... 
2018-11-19 12:38:49 +0000  35487 bytes for ./Payload/FightAlarm.app/www/assets/imgs/9J5J9BeZQxCjoizyWJyx_categorybackground.png
copying file ./Payload/FightAlarm.app/www/assets/imgs/events-oval-5@2x.png ... 
2018-11-19 12:38:49 +0000  17119 bytes for ./Payload/FightAlarm.app/www/assets/imgs/events-oval-5@2x.png
copying file ./Payload/FightAlarm.app/www/assets/imgs/6z4YjX4SuG9MMlC7Fjyw_man.png ... 
2018-11-19 12:38:49 +0000  11288 bytes for ./Payload/FightAlarm.app/www/assets/imgs/6z4YjX4SuG9MMlC7Fjyw_man.png
copying file ./Payload/FightAlarm.app/www/assets/imgs/events-combined-shape 2@2x.png ... 
2018-11-19 12:38:49 +0000  8039 bytes for ./Payload/FightAlarm.app/www/assets/imgs/events-combined-shape 2@2x.png
copying file ./Payload/FightAlarm.app/www/assets/imgs/UTDqVzbOToKjWweTs9ZG_login.png ... 
2018-11-19 12:38:49 +0000  238890 bytes for ./Payload/FightAlarm.app/www/assets/imgs/UTDqVzbOToKjWweTs9ZG_login.png
2018-11-19 12:38:49 +0000  copying file ./Payload/FightAlarm.app/www/assets/imgs/events-oval 2@2x.png ... 
2018-11-19 12:38:49 +0000  31324 bytes for ./Payload/FightAlarm.app/www/assets/imgs/events-oval 2@2x.png
2018-11-19 12:38:49 +0000  copying file ./Payload/FightAlarm.app/www/assets/imgs/logo.png ... 
2018-11-19 12:38:49 +0000  122340 bytes for ./Payload/FightAlarm.app/www/assets/imgs/logo.png
copying file ./Payload/FightAlarm.app/www/assets/imgs/SAQKzanoRe2hnE1mjqVn_boxing-gloves.png ... 
2018-11-19 12:38:49 +0000  5118 bytes for ./Payload/FightAlarm.app/www/assets/imgs/SAQKzanoRe2hnE1mjqVn_boxing-gloves.png
copying file ./Payload/FightAlarm.app/www/assets/imgs/events-combined-shape 1@2x.png ... 
2018-11-19 12:38:49 +0000  8039 bytes for ./Payload/FightAlarm.app/www/assets/imgs/events-combined-shape 1@2x.png
copying file ./Payload/FightAlarm.app/www/assets/imgs/events-oval 1@2x.png ... 
2018-11-19 12:38:49 +0000  36707 bytes for ./Payload/FightAlarm.app/www/assets/imgs/events-oval 1@2x.png
2018-11-19 12:38:49 +0000  copying file ./Payload/FightAlarm.app/www/assets/imgs/pencil-white.png ... 
2018-11-19 12:38:49 +0000  1193 bytes for ./Payload/FightAlarm.app/www/assets/imgs/pencil-white.png
copying file ./Payload/FightAlarm.app/www/assets/imgs/oIaJbMBYTYGjN0gjVCSU_Profile.png ... 
2018-11-19 12:38:49 +0000  71953 bytes for ./Payload/FightAlarm.app/www/assets/imgs/oIaJbMBYTYGjN0gjVCSU_Profile.png
copying file ./Payload/FightAlarm.app/www/assets/imgs/events-combined-shape@2x.png ... 
2018-11-19 12:38:49 +0000  8039 bytes for ./Payload/FightAlarm.app/www/assets/imgs/events-combined-shape@2x.png
copying file ./Payload/FightAlarm.app/www/assets/imgs/Xrx7M9uCTiCgyYgxkSVN_boxing-gloves.png ... 
2018-11-19 12:38:49 +0000  5118 bytes for ./Payload/FightAlarm.app/www/assets/imgs/Xrx7M9uCTiCgyYgxkSVN_boxing-gloves.png
2018-11-19 12:38:49 +0000  copying file ./Payload/FightAlarm.app/www/assets/icon/favicon.ico ... 
2018-11-19 12:38:49 +0000  1981 bytes for ./Payload/FightAlarm.app/www/assets/icon/favicon.ico
2018-11-19 12:38:49 +0000  copying file ./Payload/FightAlarm.app/www/assets/fonts/roboto-medium.ttf ... 
2018-11-19 12:38:49 +0000  19752 bytes for ./Payload/FightAlarm.app/www/assets/fonts/roboto-medium.ttf
copying file ./Payload/FightAlarm.app/www/assets/fonts/roboto-light.woff2 ... 
2018-11-19 12:38:49 +0000  10220 bytes for ./Payload/FightAlarm.app/www/assets/fonts/roboto-light.woff2
copying file ./Payload/FightAlarm.app/www/assets/fonts/roboto-light.ttf ... 
2018-11-19 12:38:49 +0000  19908 bytes for ./Payload/FightAlarm.app/www/assets/fonts/roboto-light.ttf
copying file ./Payload/FightAlarm.app/www/assets/fonts/roboto-regular.woff2 ... 
2018-11-19 12:38:49 +0000  10196 bytes for ./Payload/FightAlarm.app/www/assets/fonts/roboto-regular.woff2
copying file ./Payload/FightAlarm.app/www/assets/fonts/roboto-regular.woff ... 
2018-11-19 12:38:49 +0000  13308 bytes for ./Payload/FightAlarm.app/www/assets/fonts/roboto-regular.woff
copying file ./Payload/FightAlarm.app/www/assets/fonts/noto-sans-bold.ttf ... 
2018-11-19 12:38:49 +0000  415132 bytes for ./Payload/FightAlarm.app/www/assets/fonts/noto-sans-bold.ttf
copying file ./Payload/FightAlarm.app/www/assets/fonts/ionicons.eot ... 
2018-11-19 12:38:49 +0000  144114 bytes for ./Payload/FightAlarm.app/www/assets/fonts/ionicons.eot
copying file ./Payload/FightAlarm.app/www/assets/fonts/noto-sans-bold.woff ... 
2018-11-19 12:38:49 +0000  211888 bytes for ./Payload/FightAlarm.app/www/assets/fonts/noto-sans-bold.woff
copying file ./Payload/FightAlarm.app/www/assets/fonts/roboto-light.woff ... 
2018-11-19 12:38:49 +0000  13360 bytes for ./Payload/FightAlarm.app/www/assets/fonts/roboto-light.woff
copying file ./Payload/FightAlarm.app/www/assets/fonts/roboto-medium.woff2 ... 
2018-11-19 12:38:49 +0000  10192 bytes for ./Payload/FightAlarm.app/www/assets/fonts/roboto-medium.woff2
copying file ./Payload/FightAlarm.app/www/assets/fonts/ionicons.woff ... 
2018-11-19 12:38:49 +0000  80356 bytes for ./Payload/FightAlarm.app/www/assets/fonts/ionicons.woff
copying file ./Payload/FightAlarm.app/www/assets/fonts/roboto-regular.ttf ... 
2018-11-19 12:38:49 +0000  19876 bytes for ./Payload/FightAlarm.app/www/assets/fonts/roboto-regular.ttf
2018-11-19 12:38:49 +0000  copying file ./Payload/FightAlarm.app/www/assets/fonts/ionicons.ttf ... 
2018-11-19 12:38:49 +0000  143936 bytes for ./Payload/FightAlarm.app/www/assets/fonts/ionicons.ttf
copying file ./Payload/FightAlarm.app/www/assets/fonts/roboto-bold.woff2 ... 
2018-11-19 12:38:49 +0000  10212 bytes for ./Payload/FightAlarm.app/www/assets/fonts/roboto-bold.woff2
copying file ./Payload/FightAlarm.app/www/assets/fonts/noto-sans.scss ... 
2018-11-19 12:38:49 +0000  1282 bytes for ./Payload/FightAlarm.app/www/assets/fonts/noto-sans.scss
copying file ./Payload/FightAlarm.app/www/assets/fonts/roboto.scss ... 
2018-11-19 12:38:49 +0000  1458 bytes for ./Payload/FightAlarm.app/www/assets/fonts/roboto.scss
copying file ./Payload/FightAlarm.app/www/assets/fonts/noto-sans-regular.woff ... 
2018-11-19 12:38:49 +0000  212780 bytes for ./Payload/FightAlarm.app/www/assets/fonts/noto-sans-regular.woff
copying file ./Payload/FightAlarm.app/www/assets/fonts/roboto-medium.woff ... 
2018-11-19 12:38:49 +0000  13248 bytes for ./Payload/FightAlarm.app/www/assets/fonts/roboto-medium.woff
2018-11-19 12:38:49 +0000  copying file ./Payload/FightAlarm.app/www/assets/fonts/roboto-bold.woff ... 
2018-11-19 12:38:49 +0000  13348 bytes for ./Payload/FightAlarm.app/www/assets/fonts/roboto-bold.woff
2018-11-19 12:38:49 +0000  copying file ./Payload/FightAlarm.app/www/assets/fonts/noto-sans-regular.ttf ... 
2018-11-19 12:38:49 +0000  414820 bytes for ./Payload/FightAlarm.app/www/assets/fonts/noto-sans-regular.ttf
copying file ./Payload/FightAlarm.app/www/assets/fonts/ionicons.svg ... 
2018-11-19 12:38:49 +0000  400219 bytes for ./Payload/FightAlarm.app/www/assets/fonts/ionicons.svg
copying file ./Payload/FightAlarm.app/www/assets/fonts/roboto-bold.ttf ... 
2018-11-19 12:38:49 +0000  20040 bytes for ./Payload/FightAlarm.app/www/assets/fonts/roboto-bold.ttf
copying file ./Payload/FightAlarm.app/www/assets/fonts/ionicons.woff2 ... 
2018-11-19 12:38:49 +0000  61020 bytes for ./Payload/FightAlarm.app/www/assets/fonts/ionicons.woff2
copying file ./Payload/FightAlarm.app/www/assets/fonts/ionicons.scss ... 
2018-11-19 12:38:49 +0000  1152 bytes for ./Payload/FightAlarm.app/www/assets/fonts/ionicons.scss
2018-11-19 12:38:49 +0000  copying file ./Payload/FightAlarm.app/www/assets/sound/tickle.mp3 ... 
2018-11-19 12:38:49 +0000  78464 bytes for ./Payload/FightAlarm.app/www/assets/sound/tickle.mp3
copying file ./Payload/FightAlarm.app/www/assets/sound/bell.mp3 ... 
2018-11-19 12:38:49 +0000  199296 bytes for ./Payload/FightAlarm.app/www/assets/sound/bell.mp3
2018-11-19 12:38:49 +0000  copying file ./Payload/FightAlarm.app/www/wk-plugin.js ... 
2018-11-19 12:38:49 +0000  1388 bytes for ./Payload/FightAlarm.app/www/wk-plugin.js
copying file ./Payload/FightAlarm.app/LaunchImage-Landscape~ipad.png ... 
2018-11-19 12:38:49 +0000  43052 bytes for ./Payload/FightAlarm.app/LaunchImage-Landscape~ipad.png
2018-11-19 12:38:49 +0000  copying file ./Payload/FightAlarm.app/LaunchImage-700-Portrait~ipad.png ... 
2018-11-19 12:38:49 +0000  42506 bytes for ./Payload/FightAlarm.app/LaunchImage-700-Portrait~ipad.png
copying file ./Payload/FightAlarm.app/Assets.car ... 
2018-11-19 12:38:49 +0000  447800 bytes for ./Payload/FightAlarm.app/Assets.car
copying file ./Payload/FightAlarm.app/AppIcon40x40@2x~ipad.png ... 
2018-11-19 12:38:49 +0000  5190 bytes for ./Payload/FightAlarm.app/AppIcon40x40@2x~ipad.png
copying file ./Payload/FightAlarm.app/AppIcon76x76@2x~ipad.png ... 
2018-11-19 12:38:49 +0000  9861 bytes for ./Payload/FightAlarm.app/AppIcon76x76@2x~ipad.png
copying file ./Payload/FightAlarm.app/LaunchImage-800-Portrait-736h@3x.png ... 
2018-11-19 12:38:49 +0000  129491 bytes for ./Payload/FightAlarm.app/LaunchImage-800-Portrait-736h@3x.png
copying file ./Payload/FightAlarm.app/AppIcon72x72~ipad.png ... 
2018-11-19 12:38:49 +0000  4774 bytes for ./Payload/FightAlarm.app/AppIcon72x72~ipad.png
2018-11-19 12:38:49 +0000  copying file ./Payload/FightAlarm.app/CDVLaunchScreen.storyboardc/01J-lp-oVM-view-Ze5-6b-2t3.nib ... 
2018-11-19 12:38:49 +0000  2282 bytes for ./Payload/FightAlarm.app/CDVLaunchScreen.storyboardc/01J-lp-oVM-view-Ze5-6b-2t3.nib
2018-11-19 12:38:49 +0000  copying file ./Payload/FightAlarm.app/CDVLaunchScreen.storyboardc/UIViewController-01J-lp-oVM.nib ... 
2018-11-19 12:38:49 +0000  832 bytes for ./Payload/FightAlarm.app/CDVLaunchScreen.storyboardc/UIViewController-01J-lp-oVM.nib
copying file ./Payload/FightAlarm.app/CDVLaunchScreen.storyboardc/Info.plist ... 
2018-11-19 12:38:49 +0000  258 bytes for ./Payload/FightAlarm.app/CDVLaunchScreen.storyboardc/Info.plist
2018-11-19 12:38:49 +0000  copying file ./Payload/FightAlarm.app/LaunchImage-700@2x.png ... 
2018-11-19 12:38:49 +0000  38206 bytes for ./Payload/FightAlarm.app/LaunchImage-700@2x.png
2018-11-19 12:38:49 +0000  copying file ./Payload/FightAlarm.app/FightAlarm ... 
2018-11-19 12:38:49 +0000  3605680 bytes for ./Payload/FightAlarm.app/FightAlarm
copying file ./Payload/FightAlarm.app/AppIcon83.5x83.5@2x~ipad.png ... 
2018-11-19 12:38:49 +0000  10757 bytes for ./Payload/FightAlarm.app/AppIcon83.5x83.5@2x~ipad.png
copying file ./Payload/FightAlarm.app/LaunchImage-700-568h@2x.png ... 
2018-11-19 12:38:49 +0000  46728 bytes for ./Payload/FightAlarm.app/LaunchImage-700-568h@2x.png
copying file ./Payload/FightAlarm.app/LaunchImage-Landscape@2x~ipad.png ... 
2018-11-19 12:38:49 +0000  124008 bytes for ./Payload/FightAlarm.app/LaunchImage-Landscape@2x~ipad.png
copying file ./Payload/FightAlarm.app/AppIcon50x50~ipad.png ... 
2018-11-19 12:38:49 +0000  3129 bytes for ./Payload/FightAlarm.app/AppIcon50x50~ipad.png
copying file ./Payload/FightAlarm.app/AppIcon29x29@2x~ipad.png ... 
2018-11-19 12:38:49 +0000  3613 bytes for ./Payload/FightAlarm.app/AppIcon29x29@2x~ipad.png
copying file ./Payload/FightAlarm.app/LaunchImage-700-Landscape@2x~ipad.png ... 
2018-11-19 12:38:49 +0000  124008 bytes for ./Payload/FightAlarm.app/LaunchImage-700-Landscape@2x~ipad.png
copying file ./Payload/FightAlarm.app/AppIcon50x50@2x~ipad.png ... 
2018-11-19 12:38:49 +0000  6547 bytes for ./Payload/FightAlarm.app/AppIcon50x50@2x~ipad.png
copying file ./Payload/FightAlarm.app/AppIcon40x40~ipad.png ... 
2018-11-19 12:38:49 +0000  2009 bytes for ./Payload/FightAlarm.app/AppIcon40x40~ipad.png
copying file ./Payload/FightAlarm.app/LaunchImage.png ... 
2018-11-19 12:38:49 +0000  16461 bytes for ./Payload/FightAlarm.app/LaunchImage.png
copying file ./Payload/FightAlarm.app/embedded.mobileprovision ... 
2018-11-19 12:38:49 +0000  7849 bytes for ./Payload/FightAlarm.app/embedded.mobileprovision
copying file ./Payload/FightAlarm.app/LaunchImage-800-Landscape-736h@3x.png ... 
2018-11-19 12:38:49 +0000  134891 bytes for ./Payload/FightAlarm.app/LaunchImage-800-Landscape-736h@3x.png
copying file ./Payload/FightAlarm.app/LaunchImage-700-Portrait@2x~ipad.png ... 
2018-11-19 12:38:49 +0000  121451 bytes for ./Payload/FightAlarm.app/LaunchImage-700-Portrait@2x~ipad.png
copying file ./Payload/FightAlarm.app/LaunchImage-700-Landscape~ipad.png ... 
2018-11-19 12:38:49 +0000  43052 bytes for ./Payload/FightAlarm.app/LaunchImage-700-Landscape~ipad.png
2018-11-19 12:38:49 +0000  copying file ./Payload/FightAlarm.app/AppIcon20x20@2x~ipad.png ... 
2018-11-19 12:38:49 +0000  2009 bytes for ./Payload/FightAlarm.app/AppIcon20x20@2x~ipad.png
copying file ./Payload/FightAlarm.app/Info.plist ... 
2018-11-19 12:38:49 +0000  2342 bytes for ./Payload/FightAlarm.app/Info.plist
copying file ./Payload/FightAlarm.app/PkgInfo ... 
2018-11-19 12:38:49 +0000  8 bytes for ./Payload/FightAlarm.app/PkgInfo
copying file ./Payload/FightAlarm.app/AppIcon76x76~ipad.png ... 
2018-11-19 12:38:49 +0000  5032 bytes for ./Payload/FightAlarm.app/AppIcon76x76~ipad.png
2018-11-19 12:38:49 +0000  /usr/bin/ditto exited with 0
2018-11-19 12:38:49 +0000  Processing step: IDEDistributionAppStoreInformationStep
2018-11-19 12:38:49 +0000  Skipping step: IDEDistributionAppStoreInformationStep because it said so
2018-11-19 12:38:49 +0000  Processing step: IDEDistributionCreateManifestStep
